# JRE version: 7.0_05-b05
# Java VM: Java HotSpot(TM) Client VM (23.1-b03 mixed mode, sharing windows-x86 )
Heap
 def new generation   total 11520K, used 2864K [0x238a0000, 0x24510000, 0x28df0000)
  eden space 10304K,  21% used [0x238a0000, 0x23acc350, 0x242b0000)
  from space 1216K,  52% used [0x242b0000, 0x2434fe68, 0x243e0000)
  to   space 1216K,   0% used [0x243e0000, 0x243e0000, 0x24510000)
 tenured generation   total 25376K, used 16633K [0x28df0000, 0x2a6b8000, 0x338a0000)
   the space 25376K,  65% used [0x28df0000, 0x29e2e7b8, 0x29e2e800, 0x2a6b8000)
 compacting perm gen  total 12288K, used 11642K [0x338a0000, 0x344a0000, 0x378a0000)
   the space 12288K,  94% used [0x338a0000, 0x343fe838, 0x343fea00, 0x344a0000)
    ro space 10240K,  45% used [0x378a0000, 0x37d23960, 0x37d23a00, 0x382a0000)
    rw space 12288K,  54% used [0x382a0000, 0x389274d8, 0x38927600, 0x38ea0000)
GC Heap History (10 events):
Event: 911.272 GC heap before
{Heap before GC invocations=30 (full 2):
 def new generation   total 11520K, used 10640K [0x238a0000, 0x24510000, 0x28df0000)
  eden space 10304K, 100% used [0x238a0000, 0x242b0000, 0x242b0000)
  from space 1216K,  27% used [0x243e0000, 0x244340a8, 0x24510000)
  to   space 1216K,   0% used [0x242b0000, 0x242b0000, 0x243e0000)
 tenured generation   total 25376K, used 16544K [0x28df0000, 0x2a6b8000, 0x338a0000)
   the space 25376K,  65% used [0x28df0000, 0x29e18180, 0x29e18200, 0x2a6b8000)
 compacting perm gen  total 12288K, used 11488K [0x338a0000, 0x344a0000, 0x378a0000)
   the space 12288K,  93% used [0x338a0000, 0x343d8188, 0x343d8200, 0x344a0000)
    ro space 10240K,  45% used [0x378a0000, 0x37d23960, 0x37d23a00, 0x382a0000)
    rw space 12288K,  54% used [0x382a0000, 0x389274d8, 0x38927600, 0x38ea0000)
Event: 911.277 GC heap after
Heap after GC invocations=31 (full 2):
 def new generation   total 11520K, used 458K [0x238a0000, 0x24510000, 0x28df0000)
  eden space 10304K,   0% used [0x238a0000, 0x238a0000, 0x242b0000)
  from space 1216K,  37% used [0x242b0000, 0x24322a48, 0x243e0000)
  to   space 1216K,   0% used [0x243e0000, 0x243e0000, 0x24510000)
 tenured generation   total 25376K, used 16544K [0x28df0000, 0x2a6b8000, 0x338a0000)
   the space 25376K,  65% used [0x28df0000, 0x29e18180, 0x29e18200, 0x2a6b8000)
 compacting perm gen  total 12288K, used 11488K [0x338a0000, 0x344a0000, 0x378a0000)
   the space 12288K,  93% used [0x338a0000, 0x343d8188, 0x343d8200, 0x344a0000)
    ro space 10240K,  45% used [0x378a0000, 0x37d23960, 0x37d23a00, 0x382a0000)
    rw space 12288K,  54% used [0x382a0000, 0x389274d8, 0x38927600, 0x38ea0000)
}
Event: 920.867 GC heap before
{Heap before GC invocations=31 (full 2):
 def new generation   total 11520K, used 10758K [0x238a0000, 0x24510000, 0x28df0000)
  eden space 10304K,  99% used [0x238a0000, 0x242af158, 0x242b0000)
  from space 1216K,  37% used [0x242b0000, 0x24322a48, 0x243e0000)
  to   space 1216K,   0% used [0x243e0000, 0x243e0000, 0x24510000)
 tenured generation   total 25376K, used 16544K [0x28df0000, 0x2a6b8000, 0x338a0000)
   the space 25376K,  65% used [0x28df0000, 0x29e18180, 0x29e18200, 0x2a6b8000)
 compacting perm gen  total 12288K, used 11500K [0x338a0000, 0x344a0000, 0x378a0000)
   the space 12288K,  93% used [0x338a0000, 0x343db050, 0x343db200, 0x344a0000)
    ro space 10240K,  45% used [0x378a0000, 0x37d23960, 0x37d23a00, 0x382a0000)
    rw space 12288K,  54% used [0x382a0000, 0x389274d8, 0x38927600, 0x38ea0000)
Event: 920.871 GC heap after
Heap after GC invocations=32 (full 2):
 def new generation   total 11520K, used 625K [0x238a0000, 0x24510000, 0x28df0000)
  eden space 10304K,   0% used [0x238a0000, 0x238a0000, 0x242b0000)
  from space 1216K,  51% used [0x243e0000, 0x2447c4b8, 0x24510000)
  to   space 1216K,   0% used [0x242b0000, 0x242b0000, 0x243e0000)
 tenured generation   total 25376K, used 16544K [0x28df0000, 0x2a6b8000, 0x338a0000)
   the space 25376K,  65% used [0x28df0000, 0x29e18180, 0x29e18200, 0x2a6b8000)
 compacting perm gen  total 12288K, used 11500K [0x338a0000, 0x344a0000, 0x378a0000)
   the space 12288K,  93% used [0x338a0000, 0x343db050, 0x343db200, 0x344a0000)
    ro space 10240K,  45% used [0x378a0000, 0x37d23960, 0x37d23a00, 0x382a0000)
    rw space 12288K,  54% used [0x382a0000, 0x389274d8, 0x38927600, 0x38ea0000)
}
Event: 935.971 GC heap before
{Heap before GC invocations=32 (full 2):
 def new generation   total 11520K, used 10926K [0x238a0000, 0x24510000, 0x28df0000)
  eden space 10304K,  99% used [0x238a0000, 0x242af520, 0x242b0000)
  from space 1216K,  51% used [0x243e0000, 0x2447c4b8, 0x24510000)
  to   space 1216K,   0% used [0x242b0000, 0x242b0000, 0x243e0000)
 tenured generation   total 25376K, used 16544K [0x28df0000, 0x2a6b8000, 0x338a0000)
   the space 25376K,  65% used [0x28df0000, 0x29e18180, 0x29e18200, 0x2a6b8000)
 compacting perm gen  total 12288K, used 11519K [0x338a0000, 0x344a0000, 0x378a0000)
   the space 12288K,  93% used [0x338a0000, 0x343dfd40, 0x343dfe00, 0x344a0000)
    ro space 10240K,  45% used [0x378a0000, 0x37d23960, 0x37d23a00, 0x382a0000)
    rw space 12288K,  54% used [0x382a0000, 0x389274d8, 0x38927600, 0x38ea0000)
Event: 935.975 GC heap after
Heap after GC invocations=33 (full 2):
 def new generation   total 11520K, used 571K [0x238a0000, 0x24510000, 0x28df0000)
  eden space 10304K,   0% used [0x238a0000, 0x238a0000, 0x242b0000)
  from space 1216K,  46% used [0x242b0000, 0x2433edc0, 0x243e0000)
  to   space 1216K,   0% used [0x243e0000, 0x243e0000, 0x24510000)
 tenured generation   total 25376K, used 16633K [0x28df0000, 0x2a6b8000, 0x338a0000)
   the space 25376K,  65% used [0x28df0000, 0x29e2e7b8, 0x29e2e800, 0x2a6b8000)
 compacting perm gen  total 12288K, used 11519K [0x338a0000, 0x344a0000, 0x378a0000)
   the space 12288K,  93% used [0x338a0000, 0x343dfd40, 0x343dfe00, 0x344a0000)
    ro space 10240K,  45% used [0x378a0000, 0x37d23960, 0x37d23a00, 0x382a0000)
    rw space 12288K,  54% used [0x382a0000, 0x389274d8, 0x38927600, 0x38ea0000)
}
Event: 1041.041 GC heap before
{Heap before GC invocations=33 (full 2):
 def new generation   total 11520K, used 10875K [0x238a0000, 0x24510000, 0x28df0000)
  eden space 10304K, 100% used [0x238a0000, 0x242b0000, 0x242b0000)
  from space 1216K,  46% used [0x242b0000, 0x2433edc0, 0x243e0000)
  to   space 1216K,   0% used [0x243e0000, 0x243e0000, 0x24510000)
 tenured generation   total 25376K, used 16633K [0x28df0000, 0x2a6b8000, 0x338a0000)
   the space 25376K,  65% used [0x28df0000, 0x29e2e7b8, 0x29e2e800, 0x2a6b8000)
 compacting perm gen  total 12288K, used 11533K [0x338a0000, 0x344a0000, 0x378a0000)
   the space 12288K,  93% used [0x338a0000, 0x343e36d8, 0x343e3800, 0x344a0000)
    ro space 10240K,  45% used [0x378a0000, 0x37d23960, 0x37d23a00, 0x382a0000)
    rw space 12288K,  54% used [0x382a0000, 0x389274d8, 0x38927600, 0x38ea0000)
Event: 1041.046 GC heap after
Heap after GC invocations=34 (full 2):
 def new generation   total 11520K, used 538K [0x238a0000, 0x24510000, 0x28df0000)
  eden space 10304K,   0% used [0x238a0000, 0x238a0000, 0x242b0000)
  from space 1216K,  44% used [0x243e0000, 0x24466bd0, 0x24510000)
  to   space 1216K,   0% used [0x242b0000, 0x242b0000, 0x243e0000)
 tenured generation   total 25376K, used 16633K [0x28df0000, 0x2a6b8000, 0x338a0000)
   the space 25376K,  65% used [0x28df0000, 0x29e2e7b8, 0x29e2e800, 0x2a6b8000)
 compacting perm gen  total 12288K, used 11533K [0x338a0000, 0x344a0000, 0x378a0000)
   the space 12288K,  93% used [0x338a0000, 0x343e36d8, 0x343e3800, 0x344a0000)
    ro space 10240K,  45% used [0x378a0000, 0x37d23960, 0x37d23a00, 0x382a0000)
    rw space 12288K,  54% used [0x382a0000, 0x389274d8, 0x38927600, 0x38ea0000)
}
Event: 1247.249 GC heap before
{Heap before GC invocations=34 (full 2):
 def new generation   total 11520K, used 10842K [0x238a0000, 0x24510000, 0x28df0000)
  eden space 10304K, 100% used [0x238a0000, 0x242b0000, 0x242b0000)
  from space 1216K,  44% used [0x243e0000, 0x24466bd0, 0x24510000)
  to   space 1216K,   0% used [0x242b0000, 0x242b0000, 0x243e0000)
 tenured generation   total 25376K, used 16633K [0x28df0000, 0x2a6b8000, 0x338a0000)
   the space 25376K,  65% used [0x28df0000, 0x29e2e7b8, 0x29e2e800, 0x2a6b8000)
 compacting perm gen  total 12288K, used 11632K [0x338a0000, 0x344a0000, 0x378a0000)
   the space 12288K,  94% used [0x338a0000, 0x343fc388, 0x343fc400, 0x344a0000)
    ro space 10240K,  45% used [0x378a0000, 0x37d23960, 0x37d23a00, 0x382a0000)
    rw space 12288K,  54% used [0x382a0000, 0x389274d8, 0x38927600, 0x38ea0000)
Event: 1247.255 GC heap after
Heap after GC invocations=35 (full 2):
 def new generation   total 11520K, used 639K [0x238a0000, 0x24510000, 0x28df0000)
  eden space 10304K,   0% used [0x238a0000, 0x238a0000, 0x242b0000)
  from space 1216K,  52% used [0x242b0000, 0x2434fe68, 0x243e0000)
  to   space 1216K,   0% used [0x243e0000, 0x243e0000, 0x24510000)
 tenured generation   total 25376K, used 16633K [0x28df0000, 0x2a6b8000, 0x338a0000)
   the space 25376K,  65% used [0x28df0000, 0x29e2e7b8, 0x29e2e800, 0x2a6b8000)
 compacting perm gen  total 12288K, used 11632K [0x338a0000, 0x344a0000, 0x378a0000)
   the space 12288K,  94% used [0x338a0000, 0x343fc388, 0x343fc400, 0x344a0000)
    ro space 10240K,  45% used [0x378a0000, 0x37d23960, 0x37d23a00, 0x382a0000)
    rw space 12288K,  54% used [0x382a0000, 0x389274d8, 0x38927600, 0x38ea0000)
}

