# JRE version: 7.0_05-b05
# Java VM: Java HotSpot(TM) Client VM (23.1-b03 mixed mode, sharing windows-x86 )
Heap
 def new generation   total 8000K, used 7736K [0x238a0000, 0x24140000, 0x28df0000)
  eden space 7168K,  96% used [0x238a0000, 0x23f5e0f0, 0x23fa0000)
  from space 832K, 100% used [0x24070000, 0x24140000, 0x24140000)
  to   space 832K,   0% used [0x23fa0000, 0x23fa0000, 0x24070000)
 tenured generation   total 17652K, used 13512K [0x28df0000, 0x29f2d000, 0x338a0000)
   the space 17652K,  76% used [0x28df0000, 0x29b221a8, 0x29b22200, 0x29f2d000)
 compacting perm gen  total 12288K, used 7296K [0x338a0000, 0x344a0000, 0x378a0000)
   the space 12288K,  59% used [0x338a0000, 0x33fc02f0, 0x33fc0400, 0x344a0000)
    ro space 10240K,  45% used [0x378a0000, 0x37d23960, 0x37d23a00, 0x382a0000)
    rw space 12288K,  54% used [0x382a0000, 0x389274d8, 0x38927600, 0x38ea0000)
GC Heap History (10 events):
Event: 3.119 GC heap before
{Heap before GC invocations=12 (full 0):
 def new generation   total 4928K, used 4927K [0x238a0000, 0x23df0000, 0x28df0000)
  eden space 4416K, 100% used [0x238a0000, 0x23cf0000, 0x23cf0000)
  from space 512K,  99% used [0x23cf0000, 0x23d6fff8, 0x23d70000)
  to   space 512K,   0% used [0x23d70000, 0x23d70000, 0x23df0000)
 tenured generation   total 10944K, used 9288K [0x28df0000, 0x298a0000, 0x338a0000)
   the space 10944K,  84% used [0x28df0000, 0x29702348, 0x29702400, 0x298a0000)
 compacting perm gen  total 12288K, used 5902K [0x338a0000, 0x344a0000, 0x378a0000)
   the space 12288K,  48% used [0x338a0000, 0x33e63b70, 0x33e63c00, 0x344a0000)
    ro space 10240K,  45% used [0x378a0000, 0x37d23960, 0x37d23a00, 0x382a0000)
    rw space 12288K,  54% used [0x382a0000, 0x389274d8, 0x38927600, 0x38ea0000)
Event: 3.123 GC heap after
Heap after GC invocations=13 (full 0):
 def new generation   total 4928K, used 512K [0x238a0000, 0x23df0000, 0x28df0000)
  eden space 4416K,   0% used [0x238a0000, 0x238a0000, 0x23cf0000)
  from space 512K, 100% used [0x23d70000, 0x23df0000, 0x23df0000)
  to   space 512K,   0% used [0x23cf0000, 0x23cf0000, 0x23d70000)
 tenured generation   total 10944K, used 9594K [0x28df0000, 0x298a0000, 0x338a0000)
   the space 10944K,  87% used [0x28df0000, 0x2974ead0, 0x2974ec00, 0x298a0000)
 compacting perm gen  total 12288K, used 5902K [0x338a0000, 0x344a0000, 0x378a0000)
   the space 12288K,  48% used [0x338a0000, 0x33e63b70, 0x33e63c00, 0x344a0000)
    ro space 10240K,  45% used [0x378a0000, 0x37d23960, 0x37d23a00, 0x382a0000)
    rw space 12288K,  54% used [0x382a0000, 0x389274d8, 0x38927600, 0x38ea0000)
}
Event: 3.257 GC heap before
{Heap before GC invocations=13 (full 0):
 def new generation   total 4928K, used 4928K [0x238a0000, 0x23df0000, 0x28df0000)
  eden space 4416K, 100% used [0x238a0000, 0x23cf0000, 0x23cf0000)
  from space 512K, 100% used [0x23d70000, 0x23df0000, 0x23df0000)
  to   space 512K,   0% used [0x23cf0000, 0x23cf0000, 0x23d70000)
 tenured generation   total 10944K, used 9594K [0x28df0000, 0x298a0000, 0x338a0000)
   the space 10944K,  87% used [0x28df0000, 0x2974ead0, 0x2974ec00, 0x298a0000)
 compacting perm gen  total 12288K, used 6002K [0x338a0000, 0x344a0000, 0x378a0000)
   the space 12288K,  48% used [0x338a0000, 0x33e7c958, 0x33e7ca00, 0x344a0000)
    ro space 10240K,  45% used [0x378a0000, 0x37d23960, 0x37d23a00, 0x382a0000)
    rw space 12288K,  54% used [0x382a0000, 0x389274d8, 0x38927600, 0x38ea0000)
Event: 3.262 GC heap after
Heap after GC invocations=14 (full 0):
 def new generation   total 4928K, used 512K [0x238a0000, 0x23df0000, 0x28df0000)
  eden space 4416K,   0% used [0x238a0000, 0x238a0000, 0x23cf0000)
  from space 512K, 100% used [0x23cf0000, 0x23d70000, 0x23d70000)
  to   space 512K,   0% used [0x23d70000, 0x23d70000, 0x23df0000)
 tenured generation   total 10944K, used 10234K [0x28df0000, 0x298a0000, 0x338a0000)
   the space 10944K,  93% used [0x28df0000, 0x297eea00, 0x297eea00, 0x298a0000)
 compacting perm gen  total 12288K, used 6002K [0x338a0000, 0x344a0000, 0x378a0000)
   the space 12288K,  48% used [0x338a0000, 0x33e7c958, 0x33e7ca00, 0x344a0000)
    ro space 10240K,  45% used [0x378a0000, 0x37d23960, 0x37d23a00, 0x382a0000)
    rw space 12288K,  54% used [0x382a0000, 0x389274d8, 0x38927600, 0x38ea0000)
}
Event: 3.384 GC heap before
{Heap before GC invocations=14 (full 0):
 def new generation   total 4928K, used 4928K [0x238a0000, 0x23df0000, 0x28df0000)
  eden space 4416K, 100% used [0x238a0000, 0x23cf0000, 0x23cf0000)
  from space 512K, 100% used [0x23cf0000, 0x23d70000, 0x23d70000)
  to   space 512K,   0% used [0x23d70000, 0x23d70000, 0x23df0000)
 tenured generation   total 10944K, used 10234K [0x28df0000, 0x298a0000, 0x338a0000)
   the space 10944K,  93% used [0x28df0000, 0x297eea00, 0x297eea00, 0x298a0000)
 compacting perm gen  total 12288K, used 6056K [0x338a0000, 0x344a0000, 0x378a0000)
   the space 12288K,  49% used [0x338a0000, 0x33e8a0e8, 0x33e8a200, 0x344a0000)
    ro space 10240K,  45% used [0x378a0000, 0x37d23960, 0x37d23a00, 0x382a0000)
    rw space 12288K,  54% used [0x382a0000, 0x389274d8, 0x38927600, 0x38ea0000)
Event: 3.390 GC heap after
Heap after GC invocations=15 (full 0):
 def new generation   total 4928K, used 512K [0x238a0000, 0x23df0000, 0x28df0000)
  eden space 4416K,   0% used [0x238a0000, 0x238a0000, 0x23cf0000)
  from space 512K, 100% used [0x23d70000, 0x23df0000, 0x23df0000)
  to   space 512K,   0% used [0x23cf0000, 0x23cf0000, 0x23d70000)
 tenured generation   total 10944K, used 10778K [0x28df0000, 0x298a0000, 0x338a0000)
   the space 10944K,  98% used [0x28df0000, 0x29876928, 0x29876a00, 0x298a0000)
 compacting perm gen  total 12288K, used 6056K [0x338a0000, 0x344a0000, 0x378a0000)
   the space 12288K,  49% used [0x338a0000, 0x33e8a0e8, 0x33e8a200, 0x344a0000)
    ro space 10240K,  45% used [0x378a0000, 0x37d23960, 0x37d23a00, 0x382a0000)
    rw space 12288K,  54% used [0x382a0000, 0x389274d8, 0x38927600, 0x38ea0000)
}
Event: 8.500 GC heap before
{Heap before GC invocations=15 (full 0):
 def new generation   total 4928K, used 4927K [0x238a0000, 0x23df0000, 0x28df0000)
  eden space 4416K,  99% used [0x238a0000, 0x23cefc48, 0x23cf0000)
  from space 512K, 100% used [0x23d70000, 0x23df0000, 0x23df0000)
  to   space 512K,   0% used [0x23cf0000, 0x23cf0000, 0x23d70000)
 tenured generation   total 10944K, used 10778K [0x28df0000, 0x298a0000, 0x338a0000)
   the space 10944K,  98% used [0x28df0000, 0x29876928, 0x29876a00, 0x298a0000)
 compacting perm gen  total 12288K, used 6149K [0x338a0000, 0x344a0000, 0x378a0000)
   the space 12288K,  50% used [0x338a0000, 0x33ea17b0, 0x33ea1800, 0x344a0000)
    ro space 10240K,  45% used [0x378a0000, 0x37d23960, 0x37d23a00, 0x382a0000)
    rw space 12288K,  54% used [0x382a0000, 0x389274d8, 0x38927600, 0x38ea0000)
Event: 8.574 GC heap after
Heap after GC invocations=16 (full 1):
 def new generation   total 8000K, used 0K [0x238a0000, 0x24140000, 0x28df0000)
  eden space 7168K,   0% used [0x238a0000, 0x238a0000, 0x23fa0000)
  from space 832K,   0% used [0x23fa0000, 0x23fa0000, 0x24070000)
  to   space 832K,   0% used [0x24070000, 0x24070000, 0x24140000)
 tenured generation   total 17652K, used 10589K [0x28df0000, 0x29f2d000, 0x338a0000)
   the space 17652K,  59% used [0x28df0000, 0x29847550, 0x29847600, 0x29f2d000)
 compacting perm gen  total 12288K, used 6149K [0x338a0000, 0x344a0000, 0x378a0000)
   the space 12288K,  50% used [0x338a0000, 0x33ea17b0, 0x33ea1800, 0x344a0000)
    ro space 10240K,  45% used [0x378a0000, 0x37d23960, 0x37d23a00, 0x382a0000)
    rw space 12288K,  54% used [0x382a0000, 0x389274d8, 0x38927600, 0x38ea0000)
}
Event: 25.617 GC heap before
{Heap before GC invocations=16 (full 1):
 def new generation   total 8000K, used 7168K [0x238a0000, 0x24140000, 0x28df0000)
  eden space 7168K, 100% used [0x238a0000, 0x23fa0000, 0x23fa0000)
  from space 832K,   0% used [0x23fa0000, 0x23fa0000, 0x24070000)
  to   space 832K,   0% used [0x24070000, 0x24070000, 0x24140000)
 tenured generation   total 17652K, used 10589K [0x28df0000, 0x29f2d000, 0x338a0000)
   the space 17652K,  59% used [0x28df0000, 0x29847550, 0x29847600, 0x29f2d000)
 compacting perm gen  total 12288K, used 7175K [0x338a0000, 0x344a0000, 0x378a0000)
   the space 12288K,  58% used [0x338a0000, 0x33fa1ce8, 0x33fa1e00, 0x344a0000)
    ro space 10240K,  45% used [0x378a0000, 0x37d23960, 0x37d23a00, 0x382a0000)
    rw space 12288K,  54% used [0x382a0000, 0x389274d8, 0x38927600, 0x38ea0000)
Event: 25.633 GC heap after
Heap after GC invocations=17 (full 1):
 def new generation   total 8000K, used 832K [0x238a0000, 0x24140000, 0x28df0000)
  eden space 7168K,   0% used [0x238a0000, 0x238a0000, 0x23fa0000)
  from space 832K, 100% used [0x24070000, 0x24140000, 0x24140000)
  to   space 832K,   0% used [0x23fa0000, 0x23fa0000, 0x24070000)
 tenured generation   total 17652K, used 13512K [0x28df0000, 0x29f2d000, 0x338a0000)
   the space 17652K,  76% used [0x28df0000, 0x29b221a8, 0x29b22200, 0x29f2d000)
 compacting perm gen  total 12288K, used 7175K [0x338a0000, 0x344a0000, 0x378a0000)
   the space 12288K,  58% used [0x338a0000, 0x33fa1ce8, 0x33fa1e00, 0x344a0000)
    ro space 10240K,  45% used [0x378a0000, 0x37d23960, 0x37d23a00, 0x382a0000)
    rw space 12288K,  54% used [0x382a0000, 0x389274d8, 0x38927600, 0x38ea0000)
}

